<?xml version="1.0" encoding="utf-8"?><testsuites name="pytest tests"><testsuite name="pytest" errors="0" failures="0" skipped="0" tests="16" time="10.723" timestamp="2026-06-13T19:01:27.804608+00:00" hostname="agent-env-754fac68-6f4b-4fc8-8b34-af21033352e3"><testcase classname="backend.tests.backend_test.TestAuth" name="test_me_unauth" time="0.231" /><testcase classname="backend.tests.backend_test.TestAuth" name="test_me_bearer" time="0.113" /><testcase classname="backend.tests.backend_test.TestSeed" name="test_seed_idempotent" time="0.238" /><testcase classname="backend.tests.backend_test.TestDashboard" name="test_stats_structure" time="0.165" /><testcase classname="backend.tests.backend_test.TestDashboard" name="test_activities" time="0.106" /><testcase classname="backend.tests.backend_test.TestCRUD" name="test_prospects_crud" time="0.483" /><testcase classname="backend.tests.backend_test.TestCRUD" name="test_clients_crud" time="0.497" /><testcase classname="backend.tests.backend_test.TestCRUD" name="test_projects_crud" time="0.405" /><testcase classname="backend.tests.backend_test.TestCRUD" name="test_tasks_crud" time="0.409" /><testcase classname="backend.tests.backend_test.TestCRUD" name="test_tickets_crud" time="0.433" /><testcase classname="backend.tests.backend_test.TestCRUD" name="test_kb_crud" time="0.389" /><testcase classname="backend.tests.backend_test.TestCRUD" name="test_team_crud" time="0.390" /><testcase classname="backend.tests.backend_test.TestKanban" name="test_prospect_etapa_change" time="0.293" /><testcase classname="backend.tests.backend_test.TestInteractions" name="test_create_and_filter" time="0.417" /><testcase classname="backend.tests.backend_test.TestSearch" name="test_search_demo" time="0.100" /><testcase classname="backend.tests.backend_test.TestProcesses" name="test_create_process_ai_opener" time="5.974" /></testsuite></testsuites>